
============================================================
RTT Assistant 启动 - 2026-04-26 00:45:25
============================================================

============================================================
RTT Assistant 启动 - 2026-04-26 00:49:03
============================================================

============================================================
RTT Assistant 启动 - 2026-04-26 00:54:53
============================================================

============================================================
RTT Assistant 启动 - 2026-04-26 00:57:26
============================================================

============================================================
RTT Assistant 启动 - 2026-04-26 01:10:59
============================================================

============================================================
RTT Assistant 启动 - 2026-04-26 08:54:38
============================================================
[08:55:21.322] [INFO] 开始连接MCU: R9A07G084M04
[08:55:21.322] [INFO] 初始化JLink RTT封装
[08:55:23.400] [INFO] JLink DLL路径: C:\Users\jerry\Desktop\rtt\JLink_x64.dll
[08:55:23.400] [INFO] 连接参数: 接口=SWD, 速度=4000kHz
[08:55:24.372] [INFO] 使用指定RTT地址: 0x30100000
[08:55:24.372] [INFO] 初始化RTT...
[08:55:24.372] [SUCCESS] MCU连接成功!
[08:55:36.556] [INFO] 断开MCU连接
[08:55:36.706] [SUCCESS] 已断开连接
[08:55:37.571] [INFO] 开始连接MCU: R9A07G084M04
[08:55:37.572] [INFO] 初始化JLink RTT封装
[08:55:39.889] [INFO] JLink DLL路径: C:\Users\jerry\Desktop\rtt\JLink_x64.dll
[08:55:39.890] [INFO] 连接参数: 接口=SWD, 速度=4000kHz
[08:55:40.502] [INFO] 使用指定RTT地址: 0x30100000
[08:55:40.502] [INFO] 初始化RTT...
[08:55:40.505] [SUCCESS] MCU连接成功!

============================================================
RTT Assistant 启动 - 2026-04-26 08:58:17
============================================================
[08:58:23.785] [INFO] 开始连接MCU: R9A07G084M04
[08:58:23.785] [INFO] 初始化JLink RTT封装
[08:58:25.861] [INFO] JLink DLL路径: C:\Users\jerry\Desktop\rtt\JLink_x64.dll
[08:58:25.861] [INFO] 连接参数: 接口=SWD, 速度=4000kHz
[08:58:26.470] [INFO] 使用指定RTT地址: 0x30100000
[08:58:26.470] [INFO] 初始化RTT...
[08:58:26.470] [SUCCESS] MCU连接成功!
[08:58:27.716] [INFO] 断开MCU连接
[08:58:27.738] [SUCCESS] 已断开连接
[08:58:34.826] [INFO] 开始连接MCU: R9A07G084M04
[08:58:34.826] [INFO] 初始化JLink RTT封装
[08:58:37.145] [INFO] JLink DLL路径: C:\Users\jerry\Desktop\rtt\JLink_x64.dll
[08:58:37.145] [INFO] 连接参数: 接口=SWD, 速度=4000kHz
[08:58:37.745] [INFO] 使用指定RTT地址: 0x30160000
[08:58:37.745] [INFO] 初始化RTT...
[08:58:37.745] [SUCCESS] MCU连接成功!

============================================================
RTT Assistant 启动 - 2026-04-26 09:05:58
============================================================
[09:06:05.222] [INFO] 开始连接MCU: R9A07G084M04
[09:06:05.222] [INFO] 初始化JLink RTT封装
[09:06:07.337] [INFO] JLink DLL路径: C:\Users\jerry\Desktop\rtt\JLink_x64.dll
[09:06:07.337] [INFO] 连接参数: 接口=SWD, 速度=4000kHz
[09:06:07.989] [INFO] 使用指定RTT地址: 0x30160000
[09:06:07.989] [INFO] 初始化RTT...
[09:06:07.989] [SUCCESS] MCU连接成功!
[09:06:13.479] [INFO] 发送数据: 1 (模式: 字符串)
[09:06:13.495] [SUCCESS] 发送完成: 1 字节
[09:06:14.527] [INFO] 发送数据: 1 (模式: 字符串)
[09:06:14.539] [SUCCESS] 发送完成: 1 字节
[09:06:15.287] [INFO] 发送数据: 1 (模式: 字符串)
[09:06:15.299] [SUCCESS] 发送完成: 1 字节
[09:06:15.895] [INFO] 发送数据: 1 (模式: 字符串)
[09:06:15.907] [SUCCESS] 发送完成: 1 字节
[09:06:18.352] [INFO] 断开MCU连接
[09:06:18.391] [SUCCESS] 已断开连接
[09:06:28.144] [INFO] 开始连接MCU: R9A07G084M04
[09:06:28.144] [INFO] 初始化JLink RTT封装
[09:06:30.545] [INFO] JLink DLL路径: C:\Users\jerry\Desktop\rtt\JLink_x64.dll
[09:06:30.546] [INFO] 连接参数: 接口=SWD, 速度=4000kHz
[09:06:31.162] [INFO] 使用指定RTT地址: 0x30160000
[09:06:31.162] [INFO] 初始化RTT...
[09:06:31.162] [SUCCESS] MCU连接成功!
[09:06:42.737] [INFO] 断开MCU连接
[09:06:42.777] [SUCCESS] 已断开连接

============================================================
RTT Assistant 启动 - 2026-04-26 09:12:39
============================================================

============================================================
RTT Assistant 启动 - 2026-04-26 09:15:48
============================================================
[09:15:54.789] [INFO] 开始连接MCU: R9A07G084M04
[09:15:54.789] [INFO] 初始化JLink RTT封装
[09:15:56.959] [INFO] JLink DLL路径: C:\Users\jerry\Desktop\rtt\JLink_x64.dll
[09:15:56.959] [INFO] 连接参数: 接口=SWD, 速度=4000kHz
[09:15:57.636] [INFO] 使用指定RTT地址: 0x30160000
[09:15:57.636] [INFO] 初始化RTT...
[09:15:57.636] [SUCCESS] MCU连接成功!
[09:16:04.905] [INFO] 断开MCU连接
[09:16:04.940] [SUCCESS] 已断开连接

============================================================
RTT Assistant 启动 - 2026-04-26 09:22:21
============================================================

============================================================
RTT Assistant 启动 - 2026-04-26 09:24:18
============================================================

============================================================
RTT Assistant 启动 - 2026-04-26 09:24:19
============================================================

============================================================
RTT Assistant 启动 - 2026-04-26 09:29:30
============================================================
[09:30:12.017] [INFO] 开始连接MCU: R9A07G084M04
[09:30:12.017] [INFO] 初始化JLink RTT封装
[09:30:14.196] [INFO] JLink DLL路径: C:\Users\jerry\Desktop\rtt\JLink_x64.dll
[09:30:14.196] [INFO] 连接参数: 接口=SWD, 速度=4000kHz
[09:30:14.834] [INFO] 使用指定RTT地址: 0x30160000
[09:30:14.834] [INFO] 初始化RTT...
[09:30:14.834] [SUCCESS] MCU连接成功!
[09:30:19.034] [INFO] 断开MCU连接
[09:30:19.073] [SUCCESS] 已断开连接

============================================================
RTT Assistant 启动 - 2026-04-26 10:58:25
============================================================

============================================================
RTT Assistant 启动 - 2026-04-26 10:58:47
============================================================
