
============================================================
RTT Assistant 启动 - 2026-04-26 10:59:06
============================================================
[10:59:09.036] [INFO] 开始连接MCU: Cortex-M4
[10:59:09.036] [INFO] 初始化JLink RTT封装
[10:59:11.164] [INFO] JLink DLL路径: D:\Program Files\SEGGER\JLink_V938a\JLink_x64.dll
[10:59:11.164] [INFO] 连接参数: 接口=SWD, 速度=4000kHz
[10:59:11.941] [ERROR] 错误: 连接失败: Could not find supported CPU.
[10:59:11.941] [ERROR] 连接失败: 连接失败: Could not find supported CPU.
[10:59:30.462] [INFO] 开始连接MCU: R9A07G084M04
[10:59:30.464] [INFO] 连接参数: 接口=SWD, 速度=4000kHz
[10:59:30.935] [INFO] 使用指定RTT地址: 0x30160000
[10:59:30.935] [INFO] 初始化RTT...
[10:59:30.935] [SUCCESS] MCU连接成功!

============================================================
RTT Assistant 启动 - 2026-04-26 13:00:07
============================================================

============================================================
RTT Assistant 启动 - 2026-04-26 16:18:42
============================================================
[16:18:47.841] [INFO] 开始连接MCU: R9A07G084M04
[16:18:47.841] [INFO] 初始化JLink RTT封装
[16:18:50.579] [INFO] JLink DLL路径: D:\Program Files\SEGGER\JLink_V938a\JLink_x64.dll
[16:18:50.579] [INFO] 连接参数: 接口=SWD, 速度=4000kHz
[16:18:51.637] [INFO] 使用指定RTT地址: 0x30160000
[16:18:51.637] [INFO] 初始化RTT...
[16:18:51.638] [SUCCESS] MCU连接成功!
