RTT Assistant 收发数据日志
时间: 2026-04-26 10:59:05
============================================================

[10:59:30.962] [RX] [INFO] use rtt print  while(1) loop

[10:59:31.434] [RX] [INFO] use rtt print  while(1) loop

[10:59:31.928] [RX] [INFO] use rtt print  while(1) loop

[10:59:32.434] [RX] [INFO] use rtt print  while(1) loop

[10:59:32.929] [RX] [INFO] use rtt print  while(1) loop

[10:59:33.435] [RX] [2026-04-26 10:59:33.434] [INFO] use rtt print  while(1) loop

[10:59:33.939] [RX] [2026-04-26 10:59:33.938] [INFO] use rtt print  while(1) loop

[10:59:34.432] [RX] [2026-04-26 10:59:34.431] [INFO] use rtt print  while(1) loop

[10:59:34.938] [RX] [2026-04-26 10:59:34.937] [INFO] use rtt print  while(1) loop

[10:59:35.433] [RX] [2026-04-26 10:59:35.432] [INFO] use rtt print  while(1) loop

[10:59:35.938] [RX] [2026-04-26 10:59:35.938] [INFO] use rtt print  while(1) loop

[10:59:36.429] [RX] [2026-04-26 10:59:36.429] [INFO] use rtt print  while(1) loop

[10:59:36.932] [RX] [2026-04-26 10:59:36.931] [INFO] use rtt print  while(1) loop

[10:59:37.440] [RX] [2026-04-26 10:59:37.439] [INFO] use rtt print  while(1) loop

[10:59:37.929] [RX] [2026-04-26 10:59:37.929] [INFO] use rtt print  while(1) loop

[10:59:38.433] [RX] [2026-04-26 10:59:38.432] [INFO] use rtt print  while(1) loop

[10:59:38.941] [RX] [2026-04-26 10:59:38.941] [INFO] use rtt print  while(1) loop

[10:59:39.433] [RX] [2026-04-26 10:59:39.431] [INFO] use rtt print  while(1) loop

[10:59:39.935] [RX] [2026-04-26 10:59:39.934] [INFO] use rtt print  while(1) loop

[10:59:40.441] [RX] [2026-04-26 10:59:40.439] [INFO] use rtt print  while(1) loop

[10:59:40.933] [RX] [2026-04-26 10:59:40.932] [INFO] use rtt print  while(1) loop

[10:59:41.437] [RX] [2026-04-26 10:59:41.436] [INFO] use rtt print  while(1) loop

[10:59:41.949] [RX] [2026-04-26 10:59:41.948] [INFO] use rtt print  while(1) loop

[10:59:42.437] [RX] [2026-04-26 10:59:42.435] [INFO] use rtt print  while(1) loop

[10:59:42.942] [RX] [2026-04-26 10:59:42.941] [INFO] use rtt print  while(1) loop

[10:59:43.430] [RX] [2026-04-26 10:59:43.429] [INFO] use rtt print  while(1) loop

[10:59:43.939] [RX] [2026-04-26 10:59:43.938] [INFO] use rtt print  while(1) loop

[10:59:44.536] [RX] [2026-04-26 10:59:44.535] [INFO] use rtt print  while(1) loop

[10:59:44.935] [RX] [2026-04-26 10:59:44.934] [INFO] use rtt print  while(1) loop

[10:59:45.441] [RX] [2026-04-26 10:59:45.440] [INFO] use rtt print  while(1) loop

[10:59:45.935] [RX] [2026-04-26 10:59:45.934] [INFO] use rtt print  while(1) loop

[10:59:46.441] [RX] [2026-04-26 10:59:46.440] [INFO] use rtt print  while(1) loop

[10:59:46.934] [RX] [2026-04-26 10:59:46.934] [INFO] use rtt print  while(1) loop

[10:59:47.429] [RX] [2026-04-26 10:59:47.428] [INFO] use rtt print  while(1) loop

[10:59:47.929] [RX] [2026-04-26 10:59:47.928] [INFO] use rtt print  while(1) loop

[10:59:48.439] [RX] [2026-04-26 10:59:48.438] [INFO] use rtt print  while(1) loop

[10:59:48.942] [RX] [2026-04-26 10:59:48.941] [INFO] use rtt print  while(1) loop

[10:59:49.431] [RX] [2026-04-26 10:59:49.430] [INFO] use rtt print  while(1) loop

[10:59:49.941] [RX] [2026-04-26 10:59:49.940] [INFO] use rtt print  while(1) loop

[10:59:50.435] [RX] [2026-04-26 10:59:50.434] [INFO] use rtt print  while(1) loop

[10:59:50.941] [RX] [2026-04-26 10:59:50.939] [INFO] use rtt print  while(1) loop

[10:59:51.431] [RX] [2026-04-26 10:59:51.430] [INFO] use rtt print  while(1) loop

[10:59:51.935] [RX] [2026-04-26 10:59:51.934] [INFO] use rtt print  while(1) loop

[10:59:52.443] [RX] [2026-04-26 10:59:52.442] [INFO] use rtt print  while(1) loop

[10:59:52.941] [RX] [2026-04-26 10:59:52.940] [INFO] use rtt print  while(1) loop

[10:59:53.432] [RX] [2026-04-26 10:59:53.431] [INFO] use rtt print  while(1) loop

[10:59:53.938] [RX] [2026-04-26 10:59:53.938] [INFO] use rtt print  while(1) loop

[10:59:54.429] [RX] [2026-04-26 10:59:54.428] [INFO] use rtt print  while(1) loop

[10:59:54.932] [RX] [2026-04-26 10:59:54.931] [INFO] use rtt print  while(1) loop

[10:59:55.441] [RX] [2026-04-26 10:59:55.440] [INFO] use rtt print  while(1) loop

[10:59:55.953] [RX] [2026-04-26 10:59:55.951] [INFO] use rtt print  while(1) loop

[10:59:56.436] [RX] [2026-04-26 10:59:56.435] [INFO] use rtt print  while(1) loop

[10:59:56.947] [RX] [2026-04-26 10:59:56.946] [INFO] use rtt print  while(1) loop

[10:59:57.435] [RX] [2026-04-26 10:59:57.434] [INFO] use rtt print  while(1) loop

[10:59:57.942] [RX] [2026-04-26 10:59:57.941] [INFO] use rtt print  while(1) loop

[10:59:58.434] [RX] [2026-04-26 10:59:58.434] [INFO] use rtt print  while(1) loop

[10:59:58.938] [RX] [2026-04-26 10:59:58.937] [INFO] use rtt print  while(1) loop

[10:59:59.433] [RX] [2026-04-26 10:59:59.432] [INFO] use rtt print  while(1) loop

[10:59:59.939] [RX] [2026-04-26 10:59:59.938] [INFO] use rtt print  while(1) loop

[11:00:00.443] [RX] [2026-04-26 11:00:00.442] [INFO] use rtt print  while(1) loop

[11:00:00.951] [RX] [2026-04-26 11:00:00.950] [INFO] use rtt print  while(1) loop

[11:00:01.439] [RX] [2026-04-26 11:00:01.438] [INFO] use rtt print  while(1) loop

[11:00:01.941] [RX] [2026-04-26 11:00:01.940] [INFO] use rtt print  while(1) loop

[11:00:02.433] [RX] [2026-04-26 11:00:02.432] [INFO] use rtt print  while(1) loop

[11:00:02.937] [RX] [2026-04-26 11:00:02.936] [INFO] use rtt print  while(1) loop

[11:00:03.446] [RX] [2026-04-26 11:00:03.445] [INFO] use rtt print  while(1) loop

[11:00:03.938] [RX] [2026-04-26 11:00:03.937] [INFO] use rtt print  while(1) loop

[11:00:04.429] [RX] [2026-04-26 11:00:04.428] [INFO] use rtt print  while(1) loop

[11:00:04.933] [RX] [2026-04-26 11:00:04.932] [INFO] use rtt print  while(1) loop

[11:00:05.442] [RX] [2026-04-26 11:00:05.442] [INFO] use rtt print  while(1) loop

[11:00:05.934] [RX] [2026-04-26 11:00:05.932] [INFO] use rtt print  while(1) loop

[11:00:06.437] [RX] [2026-04-26 11:00:06.436] [INFO] use rtt print  while(1) loop

[11:00:06.929] [RX] [2026-04-26 11:00:06.928] [INFO] use rtt print  while(1) loop

[11:00:07.431] [RX] [2026-04-26 11:00:07.430] [INFO] use rtt print  while(1) loop

[11:00:07.932] [RX] [2026-04-26 11:00:07.931] [INFO] use rtt print  while(1) loop

[11:00:08.439] [RX] [2026-04-26 11:00:08.438] [INFO] use rtt print  while(1) loop

[11:00:08.935] [RX] [2026-04-26 11:00:08.935] [INFO] use rtt print  while(1) loop

[11:00:09.429] [RX] [2026-04-26 11:00:09.428] [INFO] use rtt print  while(1) loop

[11:00:09.936] [RX] [2026-04-26 11:00:09.935] [INFO] use rtt print  while(1) loop

[11:00:10.439] [RX] [2026-04-26 11:00:10.438] [INFO] use rtt print  while(1) loop

[11:00:10.929] [RX] [2026-04-26 11:00:10.929] [INFO] use rtt print  while(1) loop

[11:00:11.437] [RX] [2026-04-26 11:00:11.436] [INFO] use rtt print  while(1) loop

[11:00:11.932] [RX] [2026-04-26 11:00:11.931] [INFO] use rtt print  while(1) loop

[11:00:12.439] [RX] [2026-04-26 11:00:12.439] [INFO] use rtt print  while(1) loop

[11:00:12.930] [RX] [2026-04-26 11:00:12.929] [INFO] use rtt print  while(1) loop

[11:00:13.437] [RX] [2026-04-26 11:00:13.436] [INFO] use rtt print  while(1) loop

[11:00:13.929] [RX] [2026-04-26 11:00:13.928] [INFO] use rtt print  while(1) loop

[11:00:14.435] [RX] [2026-04-26 11:00:14.434] [INFO] use rtt print  while(1) loop

[11:00:14.943] [RX] [2026-04-26 11:00:14.942] [INFO] use rtt print  while(1) loop

[11:00:15.570] [RX] [2026-04-26 11:00:15.569] [INFO] use rtt print  while(1) loop

[11:00:15.940] [RX] [2026-04-26 11:00:15.939] [INFO] use rtt print  while(1) loop

[11:00:16.432] [RX] [2026-04-26 11:00:16.432] [INFO] use rtt print  while(1) loop

[11:00:16.941] [RX] [2026-04-26 11:00:16.940] [INFO] use rtt print  while(1) loop

[11:00:17.435] [RX] [2026-04-26 11:00:17.435] [INFO] use rtt print  while(1) loop

[11:00:17.941] [RX] [2026-04-26 11:00:17.941] [INFO] use rtt print  while(1) loop

[11:00:18.437] [RX] [2026-04-26 11:00:18.436] [INFO] use rtt print  while(1) loop

[11:00:18.930] [RX] [2026-04-26 11:00:18.929] [INFO] use rtt print  while(1) loop

[11:00:19.456] [RX] [2026-04-26 11:00:19.456] [INFO] use rtt print  while(1) loop

[11:00:19.931] [RX] [2026-04-26 11:00:19.930] [INFO] use rtt print  while(1) loop

[11:00:20.438] [RX] [2026-04-26 11:00:20.437] [INFO] use rtt print  while(1) loop

[11:00:20.945] [RX] [2026-04-26 11:00:20.943] [INFO] use rtt print  while(1) loop

[11:00:21.437] [RX] [2026-04-26 11:00:21.436] [INFO] use rtt print  while(1) loop

[11:00:21.939] [RX] [2026-04-26 11:00:21.938] [INFO] use rtt print  while(1) loop

[11:00:22.431] [RX] [2026-04-26 11:00:22.429] [INFO] use rtt print  while(1) loop

[11:00:22.942] [RX] [2026-04-26 11:00:22.941] [INFO] use rtt print  while(1) loop

[11:00:23.433] [RX] [2026-04-26 11:00:23.431] [INFO] use rtt print  while(1) loop

[11:00:23.947] [RX] [2026-04-26 11:00:23.946] [INFO] use rtt print  while(1) loop

